[{:data=>[144, 45, 108, 128, 45, 64], :timestamp=>3127.896308898926}][{:data=>[144, 45, 112], :timestamp=>3330.1634788513184}][{:data=>[128, 45, 64], :timestamp=>3531.583786010742}][{:data=>[144, 42, 127], :timestamp=>3732.985258102417}][{:data=>[128, 42, 64], :timestamp=>3934.3698024749756}][{:data=>[144, 42, 116], :timestamp=>4035.637140274048}][{:data=>[128, 42, 64], :timestamp=>4237.0195388793945}][{:data=>[144, 43, 107, 128, 43, 64], :timestamp=>4438.401222229004}][{:data=>[144, 43, 98], :timestamp=>4639.789581298828}][{:data=>[128, 43, 64, 144, 43, 127, 128, 43, 64], :timestamp=>4841.191053390503}][{:data=>[144, 43, 99, 128, 43, 64], :timestamp=>5143.816947937012}][{:data=>[144, 51, 127], :timestamp=>5345.220327377319}][{:data=>[128, 51, 64], :timestamp=>5546.600341796875}][{:data=>[144, 51, 127, 128, 51, 64], :timestamp=>5749.0949630737305}][{:data=>[144, 44, 127], :timestamp=>5950.483083724976}][{:data=>[128, 44, 64], :timestamp=>6152.894735336304}][{:data=>[144, 42, 72, 128, 42, 64], :timestamp=>6355.556964874268}][{:data=>[144, 42, 61, 128, 42, 64], :timestamp=>6557.914972305298}]1409728570[{:data=>[144, 49, 36], :timestamp=>305.1619529724121}]
1409728571[{:data=>[128, 49, 64], :timestamp=>708.9838981628418}]
1409728571[{:data=>[144, 49, 31, 128, 49, 64], :timestamp=>910.5348587036133}]
1409728572[{:data=>[144, 45, 93], :timestamp=>2321.294069290161}]
1409728572[{:data=>[128, 45, 64], :timestamp=>2523.108720779419}]
1409728573[{:data=>[144, 45, 89], :timestamp=>2724.625825881958}]
1409728573[{:data=>[128, 45, 64], :timestamp=>2926.217794418335}]
1409728573[{:data=>[144, 40, 102, 128, 40, 64], :timestamp=>3127.8223991394043}]
1409728573[{:data=>[144, 45, 67, 128, 45, 64], :timestamp=>3329.475164413452}]
1409728573[{:data=>[144, 40, 93], :timestamp=>3531.337022781372}]
1409728574[{:data=>[128, 40, 64, 144, 45, 85, 128, 45, 64, 144, 40, 55], :timestamp=>3733.027935028076}]
1409728574[{:data=>[144, 45, 81, 128, 40, 64], :timestamp=>3934.8435401916504}]
1409728574[{:data=>[128, 45, 64], :timestamp=>4136.376142501831}]
1409728574[{:data=>[144, 42, 85], :timestamp=>4338.040351867676}]
1409728574[{:data=>[128, 42, 64, 144, 43, 71], :timestamp=>4539.445877075195}]
1409728575[{:data=>[128, 43, 64], :timestamp=>4741.318464279175}]
1409728575[{:data=>[144, 42, 91, 128, 42, 64, 144, 43, 67], :timestamp=>4942.714691162109}]
1409728575[{:data=>[128, 43, 64, 144, 42, 92, 144, 43, 72], :timestamp=>5144.598722457886}]
1409728575[{:data=>[128, 42, 64, 128, 43, 64], :timestamp=>5346.026420593262}]
1409728575[{:data=>[144, 44, 110], :timestamp=>5547.427654266357}]
1409728576[{:data=>[144, 51, 118, 128, 44, 64], :timestamp=>5748.831033706665}]
1409728576[{:data=>[128, 51, 64, 144, 44, 127, 144, 51, 102, 128, 44, 64], :timestamp=>5950.211763381958}]
1409728576[{:data=>[128, 51, 64, 144, 44, 97], :timestamp=>6151.581287384033}]
1409728576[{:data=>[144, 51, 127, 128, 44, 64, 128, 51, 64], :timestamp=>6352.935314178467}]
1409728577[{:data=>[144, 40, 110, 128, 40, 64], :timestamp=>7158.278226852417}]
1409728577[{:data=>[144, 46, 15], :timestamp=>7561.351537704468}]
